<?xml version="1.0" encoding="UTF-8"?>
<!-- Generated by org.testng.reporters.JUnitXMLReporter -->
<testsuite hostname="mom-PC" ignored="10" name="Test(failed)" tests="1" failures="1" timestamp="15 Aug 2017 01:24:34 GMT" time="49.128" errors="0">
  <testcase name="ClearCompletedTasks" time="40.278" classname="com.automation.testScripts.PositiveTestCases">
    <failure type="org.openqa.selenium.NoSuchElementException" message="no such element: Unable to locate element: {&amp;quot;method&amp;quot;:&amp;quot;xpath&amp;quot;,&amp;quot;selector&amp;quot;:&amp;quot;//a[@href=&amp;apos;#/completed&amp;apos;]&amp;quot;}
  (Session info: chrome=60.0.3112.90)
  (Driver info: chromedriver=2.27.440174 (e97a722caafc2d3a8b807ee115bfb307f7d2cfd9),platform=Windows NT 6.1.7601 SP1 x86_64) (WARNING: The server did not provide any stacktrace information)
Command duration or timeout: 40.17 seconds
For documentation on this error, please visit: http://seleniumhq.org/exceptions/no_such_element.html
Build info: version: &amp;apos;3.3.1&amp;apos;, revision: &amp;apos;5234b325d5&amp;apos;, time: &amp;apos;2017-03-10 09:10:29 +0000&amp;apos;
System info: host: &amp;apos;MOM-PC&amp;apos;, ip: &amp;apos;192.168.1.2&amp;apos;, os.name: &amp;apos;Windows 7&amp;apos;, os.arch: &amp;apos;amd64&amp;apos;, os.version: &amp;apos;6.1&amp;apos;, java.version: &amp;apos;1.8.0_92&amp;apos;
Driver info: org.openqa.selenium.chrome.ChromeDriver
Capabilities [{applicationCacheEnabled=false, rotatable=false, mobileEmulationEnabled=false, networkConnectionEnabled=false, chrome={chromedriverVersion=2.27.440174 (e97a722caafc2d3a8b807ee115bfb307f7d2cfd9), userDataDir=C:\Users\mom\AppData\Local\Temp\scoped_dir9352_18556}, takesHeapSnapshot=true, pageLoadStrategy=normal, databaseEnabled=false, handlesAlerts=true, hasTouchScreen=false, version=60.0.3112.90, platform=XP, browserConnectionEnabled=false, nativeEvents=true, acceptSslCerts=true, locationContextEnabled=true, webStorageEnabled=true, browserName=chrome, takesScreenshot=true, javascriptEnabled=true, cssSelectorsEnabled=true, unexpectedAlertBehaviour=}]
Session ID: 5590c61bf49bc8ecdafca81ee7647c91
*** Element info: {Using=xpath, value=//a[@href=&amp;apos;#/completed&amp;apos;]}">
      <![CDATA[org.openqa.selenium.NoSuchElementException: no such element: Unable to locate element: {"method":"xpath","selector":"//a[@href='#/completed']"}
  (Session info: chrome=60.0.3112.90)
  (Driver info: chromedriver=2.27.440174 (e97a722caafc2d3a8b807ee115bfb307f7d2cfd9),platform=Windows NT 6.1.7601 SP1 x86_64) (WARNING: The server did not provide any stacktrace information)
Command duration or timeout: 40.17 seconds
For documentation on this error, please visit: http://seleniumhq.org/exceptions/no_such_element.html
Build info: version: '3.3.1', revision: '5234b325d5', time: '2017-03-10 09:10:29 +0000'
System info: host: 'MOM-PC', ip: '192.168.1.2', os.name: 'Windows 7', os.arch: 'amd64', os.version: '6.1', java.version: '1.8.0_92'
Driver info: org.openqa.selenium.chrome.ChromeDriver
Capabilities [{applicationCacheEnabled=false, rotatable=false, mobileEmulationEnabled=false, networkConnectionEnabled=false, chrome={chromedriverVersion=2.27.440174 (e97a722caafc2d3a8b807ee115bfb307f7d2cfd9), userDataDir=C:\Users\mom\AppData\Local\Temp\scoped_dir9352_18556}, takesHeapSnapshot=true, pageLoadStrategy=normal, databaseEnabled=false, handlesAlerts=true, hasTouchScreen=false, version=60.0.3112.90, platform=XP, browserConnectionEnabled=false, nativeEvents=true, acceptSslCerts=true, locationContextEnabled=true, webStorageEnabled=true, browserName=chrome, takesScreenshot=true, javascriptEnabled=true, cssSelectorsEnabled=true, unexpectedAlertBehaviour=}]
Session ID: 5590c61bf49bc8ecdafca81ee7647c91
*** Element info: {Using=xpath, value=//a[@href='#/completed']}
	at org.openqa.selenium.remote.ErrorHandler.createThrowable(ErrorHandler.java:216)
	at org.openqa.selenium.remote.ErrorHandler.throwIfResponseFailed(ErrorHandler.java:168)
	at org.openqa.selenium.remote.RemoteWebDriver.execute(RemoteWebDriver.java:638)
	at org.openqa.selenium.remote.RemoteWebDriver.findElement(RemoteWebDriver.java:371)
	at org.openqa.selenium.remote.RemoteWebDriver.findElementByXPath(RemoteWebDriver.java:476)
	at org.openqa.selenium.By$ByXPath.findElement(By.java:361)
	at org.openqa.selenium.remote.RemoteWebDriver.findElement(RemoteWebDriver.java:363)
	at com.automation.pagelibrary.AddTodo.clickOnCompleted(AddTodo.java:84)
	at com.automation.testScripts.PositiveTestCases.ClearCompletedTasks(PositiveTestCases.java:112)
	at com.automation.utils.TestRunner.main(TestRunner.java:15)
... Removed 26 stack frames]]>
    </failure>
  </testcase> <!-- ClearCompletedTasks -->
  <testcase name="DeleteDuplicateTsks" time="0.0" classname="com.automation.testScripts.PositiveTestCases">
    <ignored/>
  </testcase> <!-- DeleteDuplicateTsks -->
  <testcase name="EnterMultipleTasks" time="0.0" classname="com.automation.testScripts.PositiveTestCases">
    <ignored/>
  </testcase> <!-- EnterMultipleTasks -->
  <testcase name="EnterSingleTask" time="0.0" classname="com.automation.testScripts.PositiveTestCases">
    <ignored/>
  </testcase> <!-- EnterSingleTask -->
  <testcase name="TaskCheckForSymbols" time="0.0" classname="com.automation.testScripts.OtherTestCases">
    <ignored/>
  </testcase> <!-- TaskCheckForSymbols -->
  <testcase name="TaskCheckForLowerAndUpperCase" time="0.0" classname="com.automation.testScripts.OtherTestCases">
    <ignored/>
  </testcase> <!-- TaskCheckForLowerAndUpperCase -->
  <testcase name="CheckForLengthyTask" time="0.0" classname="com.automation.testScripts.OtherTestCases">
    <ignored/>
  </testcase> <!-- CheckForLengthyTask -->
  <testcase name="EnterDuplicateTsks" time="0.0" classname="com.automation.testScripts.PositiveTestCases">
    <ignored/>
  </testcase> <!-- EnterDuplicateTsks -->
  <testcase name="EnterMoreThanFiftyTasks" time="0.0" classname="com.automation.testScripts.OtherTestCases">
    <ignored/>
  </testcase> <!-- EnterMoreThanFiftyTasks -->
  <testcase name="TaskCheckForAlphaNumericCharacters" time="0.0" classname="com.automation.testScripts.OtherTestCases">
    <ignored/>
  </testcase> <!-- TaskCheckForAlphaNumericCharacters -->
  <testcase name="MoveTasksToCompleted" time="0.0" classname="com.automation.testScripts.PositiveTestCases">
    <ignored/>
  </testcase> <!-- MoveTasksToCompleted -->
</testsuite> <!-- Test(failed) -->
