<?xml version="1.0" encoding="UTF-8"?>
<!-- Generated by org.testng.reporters.JUnitReportReporter -->
<testsuite name="com.automation.testScripts.PositiveTestCases" tests="1" time="40.278" ignored="10" failures="0" timestamp="15 Aug 2017 01:24:34 GMT" skipped="0" hostname="mom-PC" errors="1">
  <testcase name="ClearCompletedTasks" time="40.278" classname="com.automation.testScripts.PositiveTestCases">
    <error type="org.openqa.selenium.NoSuchElementException" message="no such element: Unable to locate element: {&quot;method&quot;:&quot;xpath&quot;,&quot;selector&quot;:&quot;//a[@href=&#039;#/completed&#039;]&quot;}
  (Session info: chrome=60.0.3112.90)
  (Driver info: chromedriver=2.27.440174 (e97a722caafc2d3a8b807ee115bfb307f7d2cfd9),platform=Windows NT 6.1.7601 SP1 x86_64) (WARNING: The server did not provide any stacktrace information)
Command duration or timeout: 40.17 seconds
For documentation on this error, please visit: http://seleniumhq.org/exceptions/no_such_element.html
Build info: version: &#039;3.3.1&#039;, revision: &#039;5234b325d5&#039;, time: &#039;2017-03-10 09:10:29 +0000&#039;
System info: host: &#039;MOM-PC&#039;, ip: &#039;192.168.1.2&#039;, os.name: &#039;Windows 7&#039;, os.arch: &#039;amd64&#039;, os.version: &#039;6.1&#039;, java.version: &#039;1.8.0_92&#039;
Driver info: org.openqa.selenium.chrome.ChromeDriver
Capabilities [{applicationCacheEnabled=false, rotatable=false, mobileEmulationEnabled=false, networkConnectionEnabled=false, chrome={chromedriverVersion=2.27.440174 (e97a722caafc2d3a8b807ee115bfb307f7d2cfd9), userDataDir=C:\Users\mom\AppData\Local\Temp\scoped_dir9352_18556}, takesHeapSnapshot=true, pageLoadStrategy=normal, databaseEnabled=false, handlesAlerts=true, hasTouchScreen=false, version=60.0.3112.90, platform=XP, browserConnectionEnabled=false, nativeEvents=true, acceptSslCerts=true, locationContextEnabled=true, webStorageEnabled=true, browserName=chrome, takesScreenshot=true, javascriptEnabled=true, cssSelectorsEnabled=true, unexpectedAlertBehaviour=}]
Session ID: 5590c61bf49bc8ecdafca81ee7647c91
*** Element info: {Using=xpath, value=//a[@href=&#039;#/completed&#039;]}">
      <![CDATA[org.openqa.selenium.NoSuchElementException: no such element: Unable to locate element: {"method":"xpath","selector":"//a[@href='#/completed']"}
  (Session info: chrome=60.0.3112.90)
  (Driver info: chromedriver=2.27.440174 (e97a722caafc2d3a8b807ee115bfb307f7d2cfd9),platform=Windows NT 6.1.7601 SP1 x86_64) (WARNING: The server did not provide any stacktrace information)
Command duration or timeout: 40.17 seconds
For documentation on this error, please visit: http://seleniumhq.org/exceptions/no_such_element.html
Build info: version: '3.3.1', revision: '5234b325d5', time: '2017-03-10 09:10:29 +0000'
System info: host: 'MOM-PC', ip: '192.168.1.2', os.name: 'Windows 7', os.arch: 'amd64', os.version: '6.1', java.version: '1.8.0_92'
Driver info: org.openqa.selenium.chrome.ChromeDriver
Capabilities [{applicationCacheEnabled=false, rotatable=false, mobileEmulationEnabled=false, networkConnectionEnabled=false, chrome={chromedriverVersion=2.27.440174 (e97a722caafc2d3a8b807ee115bfb307f7d2cfd9), userDataDir=C:\Users\mom\AppData\Local\Temp\scoped_dir9352_18556}, takesHeapSnapshot=true, pageLoadStrategy=normal, databaseEnabled=false, handlesAlerts=true, hasTouchScreen=false, version=60.0.3112.90, platform=XP, browserConnectionEnabled=false, nativeEvents=true, acceptSslCerts=true, locationContextEnabled=true, webStorageEnabled=true, browserName=chrome, takesScreenshot=true, javascriptEnabled=true, cssSelectorsEnabled=true, unexpectedAlertBehaviour=}]
Session ID: 5590c61bf49bc8ecdafca81ee7647c91
*** Element info: {Using=xpath, value=//a[@href='#/completed']}
	at sun.reflect.NativeConstructorAccessorImpl.newInstance0(Native Method)
	at sun.reflect.NativeConstructorAccessorImpl.newInstance(Unknown Source)
	at sun.reflect.DelegatingConstructorAccessorImpl.newInstance(Unknown Source)
	at java.lang.reflect.Constructor.newInstance(Unknown Source)
	at org.openqa.selenium.remote.ErrorHandler.createThrowable(ErrorHandler.java:216)
	at org.openqa.selenium.remote.ErrorHandler.throwIfResponseFailed(ErrorHandler.java:168)
	at org.openqa.selenium.remote.RemoteWebDriver.execute(RemoteWebDriver.java:638)
	at org.openqa.selenium.remote.RemoteWebDriver.findElement(RemoteWebDriver.java:371)
	at org.openqa.selenium.remote.RemoteWebDriver.findElementByXPath(RemoteWebDriver.java:476)
	at org.openqa.selenium.By$ByXPath.findElement(By.java:361)
	at org.openqa.selenium.remote.RemoteWebDriver.findElement(RemoteWebDriver.java:363)
	at com.automation.pagelibrary.AddTodo.clickOnCompleted(AddTodo.java:84)
	at com.automation.testScripts.PositiveTestCases.ClearCompletedTasks(PositiveTestCases.java:112)
	at sun.reflect.NativeMethodAccessorImpl.invoke0(Native Method)
	at sun.reflect.NativeMethodAccessorImpl.invoke(Unknown Source)
	at sun.reflect.DelegatingMethodAccessorImpl.invoke(Unknown Source)
	at java.lang.reflect.Method.invoke(Unknown Source)
	at org.testng.internal.MethodInvocationHelper.invokeMethod(MethodInvocationHelper.java:104)
	at org.testng.internal.Invoker.invokeMethod(Invoker.java:645)
	at org.testng.internal.Invoker.invokeTestMethod(Invoker.java:851)
	at org.testng.internal.Invoker.invokeTestMethods(Invoker.java:1177)
	at org.testng.internal.TestMethodWorker.invokeTestMethods(TestMethodWorker.java:129)
	at org.testng.internal.TestMethodWorker.run(TestMethodWorker.java:112)
	at org.testng.TestRunner.privateRun(TestRunner.java:756)
	at org.testng.TestRunner.run(TestRunner.java:610)
	at org.testng.SuiteRunner.runTest(SuiteRunner.java:387)
	at org.testng.SuiteRunner.runSequentially(SuiteRunner.java:382)
	at org.testng.SuiteRunner.privateRun(SuiteRunner.java:340)
	at org.testng.SuiteRunner.run(SuiteRunner.java:289)
	at org.testng.SuiteRunnerWorker.runSuite(SuiteRunnerWorker.java:52)
	at org.testng.SuiteRunnerWorker.run(SuiteRunnerWorker.java:86)
	at org.testng.TestNG.runSuitesSequentially(TestNG.java:1293)
	at org.testng.TestNG.runSuitesLocally(TestNG.java:1218)
	at org.testng.TestNG.runSuites(TestNG.java:1133)
	at org.testng.TestNG.run(TestNG.java:1104)
	at com.automation.utils.TestRunner.main(TestRunner.java:15)
]]>
    </error>
  </testcase> <!-- ClearCompletedTasks -->
  <testcase name="DeleteDuplicateTsks" classname="com.automation.testScripts.PositiveTestCases">
    <skipped/>
  </testcase> <!-- DeleteDuplicateTsks -->
  <testcase name="EnterMultipleTasks" classname="com.automation.testScripts.PositiveTestCases">
    <skipped/>
  </testcase> <!-- EnterMultipleTasks -->
  <testcase name="EnterSingleTask" classname="com.automation.testScripts.PositiveTestCases">
    <skipped/>
  </testcase> <!-- EnterSingleTask -->
  <testcase name="EnterDuplicateTsks" classname="com.automation.testScripts.PositiveTestCases">
    <skipped/>
  </testcase> <!-- EnterDuplicateTsks -->
  <testcase name="MoveTasksToCompleted" classname="com.automation.testScripts.PositiveTestCases">
    <skipped/>
  </testcase> <!-- MoveTasksToCompleted -->
  <testcase name="TaskCheckForSymbols" classname="com.automation.testScripts.OtherTestCases">
    <skipped/>
  </testcase> <!-- TaskCheckForSymbols -->
  <testcase name="TaskCheckForLowerAndUpperCase" classname="com.automation.testScripts.OtherTestCases">
    <skipped/>
  </testcase> <!-- TaskCheckForLowerAndUpperCase -->
  <testcase name="CheckForLengthyTask" classname="com.automation.testScripts.OtherTestCases">
    <skipped/>
  </testcase> <!-- CheckForLengthyTask -->
  <testcase name="EnterMoreThanFiftyTasks" classname="com.automation.testScripts.OtherTestCases">
    <skipped/>
  </testcase> <!-- EnterMoreThanFiftyTasks -->
  <testcase name="TaskCheckForAlphaNumericCharacters" classname="com.automation.testScripts.OtherTestCases">
    <skipped/>
  </testcase> <!-- TaskCheckForAlphaNumericCharacters -->
</testsuite> <!-- com.automation.testScripts.PositiveTestCases -->
